Flutter crash report.
Please report a bug at https://github.com/flutter/flutter/issues.

## command

flutter create practice_app_01

## exception

FileSystemException: FileSystemException: Cannot open file, path = 'C:\tools\flutter\version' (OS Error: 지정된 파일을 찾을 수 없습니다.
, errno = 2)

```
#0      _File.throwIfError (dart:io/file_impl.dart:635:7)
#1      _File.openSync (dart:io/file_impl.dart:479:5)
#2      _File.readAsBytesSync (dart:io/file_impl.dart:539:18)
#3      _File.readAsStringSync (dart:io/file_impl.dart:584:18)
#4      ForwardingFile.readAsStringSync (package:file/src/forwarding/forwarding_file.dart:96:16)
#5      ErrorHandlingFile.readAsStringSync.<anonymous closure> (package:flutter_tools/src/base/error_handling_io.dart:222:22)
#6      _runSync (package:flutter_tools/src/base/error_handling_io.dart:597:14)
#7      ErrorHandlingFile.readAsStringSync (package:flutter_tools/src/base/error_handling_io.dart:221:12)
#8      _DefaultPub.get (package:flutter_tools/src/dart/pub.dart:293:50)
<asynchronous suspension>
#9      CreateBase.generateApp (package:flutter_tools/src/commands/create_base.dart:552:7)
<asynchronous suspension>
#10     CreateCommand.runCommand (package:flutter_tools/src/commands/create.dart:314:31)
<asynchronous suspension>
#11     FlutterCommand.run.<anonymous closure> (package:flutter_tools/src/runner/flutter_command.dart:1209:27)
<asynchronous suspension>
#12     AppContext.run.<anonymous closure> (package:flutter_tools/src/base/context.dart:150:19)
<asynchronous suspension>
#13     CommandRunner.runCommand (package:args/command_runner.dart:209:13)
<asynchronous suspension>
#14     FlutterCommandRunner.runCommand.<anonymous closure> (package:flutter_tools/src/runner/flutter_command_runner.dart:281:9)
<asynchronous suspension>
#15     AppContext.run.<anonymous closure> (package:flutter_tools/src/base/context.dart:150:19)
<asynchronous suspension>
#16     FlutterCommandRunner.runCommand (package:flutter_tools/src/runner/flutter_command_runner.dart:229:5)
<asynchronous suspension>
#17     run.<anonymous closure>.<anonymous closure> (package:flutter_tools/runner.dart:62:9)
<asynchronous suspension>
#18     AppContext.run.<anonymous closure> (package:flutter_tools/src/base/context.dart:150:19)
<asynchronous suspension>
#19     main (package:flutter_tools/executable.dart:91:3)
<asynchronous suspension>
```

## flutter doctor

```
[✓] Flutter (Channel stable, 3.3.10, on Microsoft Windows [Version 10.0.22621.1265], locale ko-KR)
    • Flutter version 3.3.10 on channel stable at C:\tools\flutter
    • Upstream repository https://github.com/flutter/flutter.git
    • Framework revision 135454af32 (3 months ago), 2022-12-15 07:36:55 -0800
    • Engine revision 3316dd8728
    • Dart version 2.18.6
    • DevTools version 2.15.0

[✓] Android toolchain - develop for Android devices (Android SDK version 33.0.1)
    • Android SDK at C:\Users\AldoRaine\AppData\Local\Android\sdk
    • Platform android-33-ext4, build-tools 33.0.1
    • Java binary at: C:\Program Files\Android\Android Studio\jre\bin\java
    • Java version OpenJDK Runtime Environment (build 11.0.15+0-b2043.56-9505619)
    • All Android licenses accepted.

[✓] Chrome - develop for the web
    • Chrome at C:\Program Files\Google\Chrome\Application\chrome.exe

[✓] Visual Studio - develop for Windows (Visual Studio Community 2022 17.3.4)
    • Visual Studio at C:\Program Files\Microsoft Visual Studio\2022\Community
    • Visual Studio Community 2022 version 17.3.32901.215
    • Windows 10 SDK version 10.0.19041.0

[✓] Android Studio (version 2022.1)
    • Android Studio at C:\Program Files\Android\Android Studio
    • Flutter plugin can be installed from:
      🔨 https://plugins.jetbrains.com/plugin/9212-flutter
    • Dart plugin can be installed from:
      🔨 https://plugins.jetbrains.com/plugin/6351-dart
    • Java version OpenJDK Runtime Environment (build 11.0.15+0-b2043.56-9505619)

[✓] VS Code (version 1.76.0)
    • VS Code at C:\Users\AldoRaine\AppData\Local\Programs\Microsoft VS Code
    • Flutter extension version 3.60.0

[✓] Connected device (3 available)
    • Windows (desktop) • windows • windows-x64    • Microsoft Windows [Version 10.0.22621.1265]
    • Chrome (web)      • chrome  • web-javascript • Google Chrome 110.0.5481.178
    • Edge (web)        • edge    • web-javascript • Microsoft Edge 110.0.1587.57

[✓] HTTP Host Availability
    • All required HTTP hosts are available

• No issues found!
```
